<?xml version="1.0" encoding="UTF-8"?>
<!-- Generated by org.testng.reporters.JUnitXMLReporter -->
<testsuite ignored="0" hostname="LAPTOP-O1ADAID9" failures="0" tests="4" name="Default test" time="0.07" errors="0" timestamp="2023-02-15T13:58:27 GMT-05:00">
  <testcase classname="TestNG_Grouping.GroupDependency" name="CloseAccount" time="0.011"/>
  <testcase classname="TestNG_Grouping.GroupDependency" name="LogIn" time="0.001"/>
  <testcase classname="TestNG_Grouping.GroupDependency" name="OpenBrowser" time="0.002"/>
  <testcase classname="TestNG_Grouping.GroupDependency" name="ViewAcc" time="0.001"/>
</testsuite> <!-- Default test -->
