<?xml version="1.0" encoding="UTF-8"?>
<!-- Generated by org.testng.reporters.JUnitXMLReporter -->
<testsuite ignored="0" hostname="LAPTOP-O1ADAID9" failures="0" tests="3" name="Default test" time="0.052" errors="0" timestamp="2023-06-19T14:20:25 GMT-04:00">
  <testcase classname="TestNG_Inheritance.SuperClass" name="OpenBrowser" time="0.007"/>
  <testcase classname="TestNG_Inheritance.SuperClass" name="OpenBrowser" time="0.001"/>
  <testcase classname="TestNG_Inheritance.InheritedDependencyTest" name="LogIn" time="0.001"/>
</testsuite> <!-- Default test -->
