<?xml version="1.0" encoding="UTF-8"?>
<!-- Generated by org.testng.reporters.JUnitXMLReporter -->
<testsuite ignored="0" hostname="LAPTOP-O1ADAID9" failures="0" tests="3" name="Car Loan" time="0.012" errors="0" timestamp="2023-02-15T11:56:24 GMT-05:00">
  <testcase classname="TestNG_Grouping.Car_loan" name="APILoginCarLoan" time="0.001"/>
  <testcase classname="TestNG_Grouping.Car_loan" name="MobileLoginCarLoan" time="0.002"/>
  <testcase classname="TestNG_Grouping.Car_loan" name="WebLoginCarLoan" time="0.0"/>
</testsuite> <!-- Car Loan -->
