<?xml version="1.0" encoding="UTF-8"?>
<!-- Generated by org.testng.reporters.JUnitXMLReporter -->
<testsuite ignored="2" hostname="LAPTOP-O1ADAID9" failures="0" tests="1" name="Car Loan" time="0.006" errors="0" timestamp="2023-02-15T16:55:17 GMT-05:00">
  <testcase classname="TestNG_Grouping.Car_loan" name="APILoginCarLoan" time="0.002"/>
  <testcase classname="TestNG_Grouping.Car_loan" name="WebLoginCarLoan" time="0.0">
    <ignored/>
  </testcase> <!-- WebLoginCarLoan -->
  <testcase classname="TestNG_Grouping.Car_loan" name="MobileLoginCarLoan" time="0.0">
    <ignored/>
  </testcase> <!-- MobileLoginCarLoan -->
</testsuite> <!-- Car Loan -->
