<?xml version="1.0" encoding="UTF-8"?>
<!-- Generated by org.testng.reporters.JUnitXMLReporter -->
<testsuite ignored="2" hostname="LAPTOP-O1ADAID9" failures="0" tests="1" name="Home Loan" time="0.005" errors="0" timestamp="2023-02-15T16:55:17 GMT-05:00">
  <testcase classname="TestNG_Grouping.Home_loan" name="MobileLoginHomeLoan" time="0.002"/>
  <testcase classname="TestNG_Grouping.Home_loan" name="WebLoginHomeLoan" time="0.0">
    <ignored/>
  </testcase> <!-- WebLoginHomeLoan -->
  <testcase classname="TestNG_Grouping.Home_loan" name="APILoginHomeLoan" time="0.0">
    <ignored/>
  </testcase> <!-- APILoginHomeLoan -->
</testsuite> <!-- Home Loan -->
