<?xml version="1.0" encoding="UTF-8"?>
<!-- Generated by org.testng.reporters.JUnitXMLReporter -->
<testsuite ignored="1" hostname="LAPTOP-O1ADAID9" failures="0" tests="2" name="Home Loan" time="0.01" errors="0" timestamp="2023-02-15T12:39:40 GMT-05:00">
  <testcase classname="TestNG_Grouping.Home_loan" name="APILoginHomeLoan" time="0.001"/>
  <testcase classname="TestNG_Grouping.Home_loan" name="WebLoginHomeLoan" time="0.001"/>
  <testcase classname="TestNG_Grouping.Home_loan" name="MobileLoginHomeLoan" time="0.0">
    <ignored/>
  </testcase> <!-- MobileLoginHomeLoan -->
</testsuite> <!-- Home Loan -->
