<?xml version="1.0" encoding="UTF-8"?>
<!-- Generated by org.testng.reporters.JUnitXMLReporter -->
<testsuite ignored="0" hostname="LAPTOP-O1ADAID9" failures="0" tests="3" name="HR Department" time="0.013" errors="0" timestamp="2023-02-15T11:56:33 GMT-05:00">
  <testcase classname="TestNG_Annotations.hr_department" name="counsellor" time="0.001"/>
  <testcase classname="TestNG_Annotations.hr_department" name="hr" time="0.002"/>
  <testcase classname="TestNG_Annotations.hr_department" name="manager" time="0.002"/>
</testsuite> <!-- HR Department -->
