<?xml version="1.0" encoding="UTF-8"?>
<!-- Generated by org.testng.reporters.JUnitXMLReporter -->
<testsuite ignored="2" hostname="LAPTOP-O1ADAID9" failures="0" tests="1" name="Personal Loan" time="0.071" errors="0" timestamp="2023-02-15T16:55:17 GMT-05:00">
  <testcase classname="TestNG_Grouping.Personal_loan" name="WebLoginPersonalLoan" time="0.012"/>
  <testcase classname="TestNG_Grouping.Personal_loan" name="MobileLoginPersonalLoan" time="0.0">
    <ignored/>
  </testcase> <!-- MobileLoginPersonalLoan -->
  <testcase classname="TestNG_Grouping.Personal_loan" name="APILoginPersonalLoan" time="0.0">
    <ignored/>
  </testcase> <!-- APILoginPersonalLoan -->
</testsuite> <!-- Personal Loan -->
