<?xml version="1.0" encoding="UTF-8"?>
<!-- Generated by org.testng.reporters.JUnitXMLReporter -->
<testsuite ignored="1" hostname="LAPTOP-O1ADAID9" failures="0" tests="2" name="Personal Loan" time="0.069" errors="0" timestamp="2023-02-15T12:39:40 GMT-05:00">
  <testcase classname="TestNG_Grouping.Personal_loan" name="APILoginPersonalLoan" time="0.011"/>
  <testcase classname="TestNG_Grouping.Personal_loan" name="MobileLoginPersonalLoan" time="0.001"/>
  <testcase classname="TestNG_Grouping.Personal_loan" name="WebLoginPersonalLoan" time="0.0">
    <ignored/>
  </testcase> <!-- WebLoginPersonalLoan -->
</testsuite> <!-- Personal Loan -->
