<?xml version="1.0" encoding="UTF-8"?>
<testng-results ignored="0" total="2" passed="2" failed="0" skipped="0">
  <reporter-output>
  </reporter-output>
  <suite started-at="2023-02-14T21:25:29 GMT-05:00" name="Default suite" finished-at="2023-02-14T21:25:29 GMT-05:00" duration-ms="60">
    <groups>
    </groups>
    <test started-at="2023-02-14T21:25:29 GMT-05:00" name="Default test" finished-at="2023-02-14T21:25:29 GMT-05:00" duration-ms="60">
      <class name="TestNG.Annotations">
        <test-method is-config="true" signature="beforeSuite()[pri:0, instance:TestNG.Annotations@618425b5]" started-at="2023-02-14T21:25:29 GMT-05:00" name="beforeSuite" finished-at="2023-02-14T21:25:29 GMT-05:00" duration-ms="10" status="PASS">
          <reporter-output>
          </reporter-output>
        </test-method> <!-- beforeSuite -->
        <test-method is-config="true" signature="beforeTest()[pri:0, instance:TestNG.Annotations@618425b5]" started-at="2023-02-14T21:25:29 GMT-05:00" name="beforeTest" finished-at="2023-02-14T21:25:29 GMT-05:00" duration-ms="0" status="PASS">
          <reporter-output>
          </reporter-output>
        </test-method> <!-- beforeTest -->
        <test-method is-config="true" signature="beforeClass()[pri:0, instance:TestNG.Annotations@618425b5]" started-at="2023-02-14T21:25:29 GMT-05:00" name="beforeClass" finished-at="2023-02-14T21:25:29 GMT-05:00" duration-ms="0" status="PASS">
          <reporter-output>
          </reporter-output>
        </test-method> <!-- beforeClass -->
        <test-method is-config="true" signature="beforeMethod()[pri:0, instance:TestNG.Annotations@618425b5]" started-at="2023-02-14T21:25:29 GMT-05:00" name="beforeMethod" finished-at="2023-02-14T21:25:29 GMT-05:00" duration-ms="0" status="PASS">
          <reporter-output>
          </reporter-output>
        </test-method> <!-- beforeMethod -->
        <test-method signature="f2()[pri:0, instance:TestNG.Annotations@618425b5]" started-at="2023-02-14T21:25:29 GMT-05:00" name="f2" finished-at="2023-02-14T21:25:29 GMT-05:00" duration-ms="7" status="PASS">
          <reporter-output>
          </reporter-output>
        </test-method> <!-- f2 -->
        <test-method is-config="true" signature="afterMethod()[pri:0, instance:TestNG.Annotations@618425b5]" started-at="2023-02-14T21:25:29 GMT-05:00" name="afterMethod" finished-at="2023-02-14T21:25:29 GMT-05:00" duration-ms="1" status="PASS">
          <reporter-output>
          </reporter-output>
        </test-method> <!-- afterMethod -->
        <test-method is-config="true" signature="beforeMethod()[pri:0, instance:TestNG.Annotations@618425b5]" started-at="2023-02-14T21:25:29 GMT-05:00" name="beforeMethod" finished-at="2023-02-14T21:25:29 GMT-05:00" duration-ms="1" status="PASS">
          <reporter-output>
          </reporter-output>
        </test-method> <!-- beforeMethod -->
        <test-method signature="f()[pri:1, instance:TestNG.Annotations@618425b5]" started-at="2023-02-14T21:25:29 GMT-05:00" name="f" finished-at="2023-02-14T21:25:29 GMT-05:00" duration-ms="1" status="PASS">
          <reporter-output>
          </reporter-output>
        </test-method> <!-- f -->
        <test-method is-config="true" signature="afterMethod()[pri:0, instance:TestNG.Annotations@618425b5]" started-at="2023-02-14T21:25:29 GMT-05:00" name="afterMethod" finished-at="2023-02-14T21:25:29 GMT-05:00" duration-ms="1" status="PASS">
          <reporter-output>
          </reporter-output>
        </test-method> <!-- afterMethod -->
        <test-method is-config="true" signature="afterClass()[pri:0, instance:TestNG.Annotations@618425b5]" started-at="2023-02-14T21:25:29 GMT-05:00" name="afterClass" finished-at="2023-02-14T21:25:29 GMT-05:00" duration-ms="1" status="PASS">
          <reporter-output>
          </reporter-output>
        </test-method> <!-- afterClass -->
        <test-method is-config="true" signature="afterTest()[pri:0, instance:TestNG.Annotations@618425b5]" started-at="2023-02-14T21:25:29 GMT-05:00" name="afterTest" finished-at="2023-02-14T21:25:29 GMT-05:00" duration-ms="0" status="PASS">
          <reporter-output>
          </reporter-output>
        </test-method> <!-- afterTest -->
        <test-method is-config="true" signature="afterSuite()[pri:0, instance:TestNG.Annotations@618425b5]" started-at="2023-02-14T21:25:29 GMT-05:00" name="afterSuite" finished-at="2023-02-14T21:25:29 GMT-05:00" duration-ms="1" status="PASS">
          <reporter-output>
          </reporter-output>
        </test-method> <!-- afterSuite -->
      </class> <!-- TestNG.Annotations -->
    </test> <!-- Default test -->
  </suite> <!-- Default suite -->
</testng-results>
