<?xml version="1.0" encoding="UTF-8"?>
<!-- Generated by org.testng.reporters.JUnitXMLReporter -->
<testsuite ignored="0" hostname="LAPTOP-O1ADAID9" failures="1" tests="8" name="ITestListener Test" time="3.96" errors="0" timestamp="2023-02-21T18:19:39 GMT-05:00">
  <testcase classname="TestNG_ITestListener.TestNGClass" name="OpenBrowser" time="3.599">
    <failure type="java.lang.AssertionError" message="Titles of the website do not match expected [Free QA Automation Tools For Everyone] but found [Tools QA]">
      <![CDATA[java.lang.AssertionError: Titles of the website do not match expected [Free QA Automation Tools For Everyone] but found [Tools QA]
at TestNG_ITestListener.TestNGClass.OpenBrowser(TestNGClass.java:31)
at java.base/java.util.ArrayList.forEach(ArrayList.java:1541)
... Removed 32 stack frames]]>
    </failure>
  </testcase> <!-- OpenBrowser -->
  <testcase classname="TestNG_ITestListener.TestNGClass" name="SkipTest" time="0.001">
    <skipped/>
  </testcase> <!-- SkipTest -->
  <testcase classname="TestNG_ITestListener.TestNGClass" name="AccountTest" time="0.001"/>
  <testcase classname="TestNG_ITestListener.TestNGClass" name="AccountTest" time="0.002"/>
  <testcase classname="TestNG_ITestListener.TestNGClass" name="AccountTest" time="0.001"/>
  <testcase classname="TestNG_ITestListener.TestNGClass" name="AccountTest" time="0.002"/>
  <testcase classname="TestNG_ITestListener.TestNGClass" name="AccountTest" time="0.001"/>
  <testcase classname="TestNG_ITestListener.TestNGClass" name="CloseBrowser" time="0.276"/>
</testsuite> <!-- ITestListener Test -->
